INFO:root:Couldn't create schema entry for Wolves on 2022-04-08
ERROR:root:Unable to create game data for Brighton Chelsea 2020-09-14 due to mising linuep info
INFO:root:Couldn't create schema entry for Brighton on 2020-09-14
ERROR:root:Unable to create game data for Newcastle Utd Brighton 2020-09-20 due to mising linuep info
INFO:root:Couldn't create schema entry for Newcastle Utd on 2020-09-20
ERROR:root:Unable to create game data for Brighton Manchester Utd 2020-09-26 due to mising linuep info
INFO:root:Couldn't create schema entry for Brighton on 2020-09-26
ERROR:root:Unable to create game data for Everton Brighton 2020-10-03 due to mising linuep info
INFO:root:Couldn't create schema entry for Everton on 2020-10-03
ERROR:root:Unable to create game data for Crystal Palace Brighton 2020-10-18 due to mising linuep info
INFO:root:Couldn't create schema entry for Crystal Palace on 2020-10-18
ERROR:root:Unable to create game data for Brighton West Brom 2020-10-26 due to mising linuep info
INFO:root:Couldn't create schema entry for Brighton on 2020-10-26
ERROR:root:Unable to create game data for Brighton Burnley 2020-11-06 due to mising linuep info
INFO:root:Couldn't create schema entry for Brighton on 2020-11-06
ERROR:root:Unable to create game data for Aston Villa Brighton 2020-11-21 due to mising linuep info
INFO:root:Couldn't create schema entry for Aston Villa on 2020-11-21
ERROR:root:Unable to create game data for Brighton Liverpool 2020-11-28 due to mising linuep info
INFO:root:Couldn't create schema entry for Brighton on 2020-11-28
ERROR:root:Unable to create game data for Brighton Southampton 2020-12-07 due to mising linuep info
INFO:root:Couldn't create schema entry for Brighton on 2020-12-07
ERROR:root:Unable to create game data for Leicester City Brighton 2020-12-13 due to mising linuep info
INFO:root:Couldn't create schema entry for Leicester City on 2020-12-13
ERROR:root:Unable to create game data for Aston Villa Arsenal 2021-02-06 due to mising linuep info
INFO:root:Couldn't create schema entry for Aston Villa on 2021-02-06
ERROR:root:Unable to create game data for Arsenal Fulham 2021-04-18 due to mising linuep info
INFO:root:Couldn't create schema entry for Arsenal on 2021-04-18
ERROR:root:Unable to create game data for Newcastle Utd Arsenal 2021-05-02 due to mising linuep info
INFO:root:Couldn't create schema entry for Newcastle Utd on 2021-05-02
INFO:root:Couldn't create schema entry for Aston Villa on 2021-12-26
INFO:root:Couldn't create schema entry for Leeds United on 2022-02-26
ERROR:root:Unable to create game data for Brighton Chelsea 2020-09-14 due to mising linuep info
INFO:root:Couldn't create schema entry for Brighton on 2020-09-14
ERROR:root:Unable to create game data for Newcastle Utd Brighton 2020-09-20 due to mising linuep info
INFO:root:Couldn't create schema entry for Newcastle Utd on 2020-09-20
ERROR:root:Unable to create game data for Brighton Manchester Utd 2020-09-26 due to mising linuep info
INFO:root:Couldn't create schema entry for Brighton on 2020-09-26
ERROR:root:Unable to create game data for Everton Brighton 2020-10-03 due to mising linuep info
INFO:root:Couldn't create schema entry for Everton on 2020-10-03
ERROR:root:Unable to create game data for Crystal Palace Brighton 2020-10-18 due to mising linuep info
INFO:root:Couldn't create schema entry for Crystal Palace on 2020-10-18
ERROR:root:Unable to create game data for Brighton West Brom 2020-10-26 due to mising linuep info
INFO:root:Couldn't create schema entry for Brighton on 2020-10-26
ERROR:root:Unable to create game data for Brighton Burnley 2020-11-06 due to mising linuep info
INFO:root:Couldn't create schema entry for Brighton on 2020-11-06
ERROR:root:Unable to create game data for Aston Villa Brighton 2020-11-21 due to mising linuep info
INFO:root:Couldn't create schema entry for Aston Villa on 2020-11-21
ERROR:root:Unable to create game data for Brighton Liverpool 2020-11-28 due to mising linuep info
INFO:root:Couldn't create schema entry for Brighton on 2020-11-28
ERROR:root:Unable to create game data for Brighton Southampton 2020-12-07 due to mising linuep info
INFO:root:Couldn't create schema entry for Brighton on 2020-12-07
ERROR:root:Unable to create game data for Leicester City Brighton 2020-12-13 due to mising linuep info
INFO:root:Couldn't create schema entry for Leicester City on 2020-12-13
ERROR:root:Unable to create game data for Aston Villa Arsenal 2021-02-06 due to mising linuep info
INFO:root:Couldn't create schema entry for Aston Villa on 2021-02-06
ERROR:root:Unable to create game data for Arsenal Fulham 2021-04-18 due to mising linuep info
INFO:root:Couldn't create schema entry for Arsenal on 2021-04-18
ERROR:root:Unable to create game data for Newcastle Utd Arsenal 2021-05-02 due to mising linuep info
INFO:root:Couldn't create schema entry for Newcastle Utd on 2021-05-02
INFO:root:Couldn't create schema entry for Aston Villa on 2021-12-26
INFO:root:Couldn't create schema entry for Leeds United on 2022-02-26
INFO:root:Couldn't create schema entry for Wolves on 2022-04-08
INFO:root:Couldn't create schema entry for Wolves on 2022-04-08
INFO:root:Couldn't create schema entry for Wolves on 2022-04-08
INFO:root:Couldn't create schema entry for Wolves on 2022-04-08
INFO:root:Couldn't create schema entry for Wolves on 2022-04-08
ERROR:root:Unable to create game data for Fulham Arsenal 2022-01-01 due to mising linuep info
ERROR:root:Unable to create game data for Fulham Arsenal 2022-01-01 due to mising linuep info
ERROR:root:Unable to create game data for Fulham Arsenal 2022-01-01 due to mising linuep info
